<?xml version="1.0" encoding="UTF-8"?>
<!-- Generated by org.testng.reporters.JUnitReportReporter -->
<testsuite hostname="DESKTOP-MGSLCU0" failures="0" tests="3" name="Batch_Test.Class_2" time="0.017" errors="0" timestamp="2023-01-04T21:44:27 IST" skipped="0">
  <testcase classname="Batch_Test.Class_2" name="tc5" time="0.007"/>
  <system-out>
    <![CDATA[running tc5]]>
  </system-out>
  <testcase classname="Batch_Test.Class_2" name="tc4" time="0.004"/>
  <system-out>
    <![CDATA[running tc4]]>
  </system-out>
  <testcase classname="Batch_Test.Class_2" name="tc6" time="0.006"/>
  <system-out>
    <![CDATA[running tc6]]>
  </system-out>
</testsuite> <!-- Batch_Test.Class_2 -->
