<?xml version="1.0" encoding="UTF-8"?>
<!-- Generated by org.testng.reporters.JUnitReportReporter -->
<testsuite hostname="DESKTOP-MGSLCU0" failures="0" tests="1" name="TestNG.TestngAnotation" time="0.015" errors="0" timestamp="2022-12-29T21:13:34 IST" skipped="0">
  <testcase classname="TestNG.TestngAnotation" name="verifyTest" time="0.015"/>
  <system-out>
    <![CDATA[running actual test case]]>
  </system-out>
</testsuite> <!-- TestNG.TestngAnotation -->
