<?xml version="1.0" encoding="UTF-8"?>
<!-- Generated by org.testng.reporters.JUnitReportReporter -->
<testsuite hostname="DESKTOP-MGSLCU0" failures="0" tests="3" name="Batch_Test.Class_3" time="0.020" errors="0" timestamp="2023-01-04T21:44:27 IST" skipped="0">
  <testcase classname="Batch_Test.Class_3" name="tc7" time="0.009"/>
  <system-out>
    <![CDATA[running tc7]]>
  </system-out>
  <testcase classname="Batch_Test.Class_3" name="tc9" time="0.005"/>
  <system-out>
    <![CDATA[running tc9]]>
  </system-out>
  <testcase classname="Batch_Test.Class_3" name="tc8" time="0.006"/>
  <system-out>
    <![CDATA[running tc8]]>
  </system-out>
</testsuite> <!-- Batch_Test.Class_3 -->
