<?xml version="1.0" encoding="UTF-8"?>
<!-- Generated by org.testng.reporters.JUnitReportReporter -->
<testsuite hostname="DESKTOP-MGSLCU0" failures="0" tests="2" name="TestNG.compatability_suite" time="19.883" errors="0" timestamp="2023-01-05T23:10:07 IST" skipped="0">
  <testcase classname="TestNG.compatability_suite" name="tc1" time="7.014"/>
  <system-out/>
  <testcase classname="TestNG.compatability_suite" name="tc1" time="12.869"/>
  <system-out/>
</testsuite> <!-- TestNG.compatability_suite -->
