<?xml version="1.0" encoding="UTF-8"?>
<!-- Generated by org.testng.reporters.JUnitReportReporter -->
<testsuite hostname="DESKTOP-MGSLCU0" failures="0" tests="1" name="TestNG.Open_GoogleUsingAnotation" time="0.011" errors="0" timestamp="2022-12-29T21:30:41 IST" skipped="0">
  <testcase classname="TestNG.Open_GoogleUsingAnotation" name="verifyTest" time="0.011"/>
  <system-out>
    <![CDATA[running actual test case]]>
  </system-out>
</testsuite> <!-- TestNG.Open_GoogleUsingAnotation -->
