<?xml version="1.0" encoding="UTF-8"?>
<!-- Generated by org.testng.reporters.JUnitReportReporter -->
<testsuite hostname="DESKTOP-MGSLCU0" failures="0" tests="1" name="Parallel_Test.Parallel_1" time="63.806" errors="0" timestamp="2023-01-04T21:51:05 IST" skipped="0">
  <testcase classname="Parallel_Test.Parallel_1" name="tc1" time="63.806"/>
  <system-out/>
</testsuite> <!-- Parallel_Test.Parallel_1 -->
