<?xml version="1.0" encoding="UTF-8"?>
<!-- Generated by org.testng.reporters.JUnitReportReporter -->
<testsuite hostname="DESKTOP-MGSLCU0" failures="0" tests="4" name="TestNG.Priority" time="0.034" errors="0" timestamp="2022-12-29T21:41:33 IST" skipped="0">
  <testcase classname="TestNG.Priority" name="tc3" time="0.024"/>
  <system-out>
    <![CDATA[running tc3]]>
  </system-out>
  <testcase classname="TestNG.Priority" name="tc2" time="0.005"/>
  <system-out>
    <![CDATA[running tc2]]>
  </system-out>
  <testcase classname="TestNG.Priority" name="tc4" time="0.002"/>
  <system-out>
    <![CDATA[running tc4]]>
  </system-out>
  <testcase classname="TestNG.Priority" name="tc1" time="0.003"/>
  <system-out>
    <![CDATA[running tc1]]>
  </system-out>
</testsuite> <!-- TestNG.Priority -->
