<?xml version="1.0" encoding="UTF-8"?>
<!-- Generated by org.testng.reporters.JUnitReportReporter -->
<testsuite hostname="DESKTOP-MGSLCU0" failures="0" tests="3" name="Batch_Test.Class_1" time="0.056" errors="0" timestamp="2023-01-13T21:44:44 IST" skipped="0">
  <testcase classname="Batch_Test.Class_1" name="tc1" time="0.043"/>
  <system-out>
    <![CDATA[running tc1]]>
  </system-out>
  <testcase classname="Batch_Test.Class_1" name="tc3" time="0.007"/>
  <system-out>
    <![CDATA[running tc3]]>
  </system-out>
  <testcase classname="Batch_Test.Class_1" name="tc2" time="0.006"/>
  <system-out>
    <![CDATA[running tc2]]>
  </system-out>
</testsuite> <!-- Batch_Test.Class_1 -->
