<?xml version="1.0" encoding="UTF-8"?>
<!-- Generated by org.testng.reporters.JUnitReportReporter -->
<testsuite hostname="DESKTOP-MGSLCU0" failures="0" tests="2" name="TestNG.Enabled" time="0.020" errors="0" timestamp="2022-12-31T21:22:25 IST" skipped="1">
  <testcase classname="TestNG.Enabled" name="tc1" time="0.020"/>
  <system-out>
    <![CDATA[its my first prog]]>
  </system-out>
  <testcase classname="TestNG.Enabled" name="tc2">
    <skipped/>
  </testcase> <!-- tc2 -->
  <system-out/>
</testsuite> <!-- TestNG.Enabled -->
