<?xml version="1.0" encoding="UTF-8"?>
<!-- Generated by org.testng.reporters.JUnitReportReporter -->
<testsuite hostname="DESKTOP-MGSLCU0" failures="0" tests="1" name="TestNG.Assert_Equal" time="0.027" errors="0" timestamp="2023-01-08T22:28:25 IST" skipped="0">
  <testcase classname="TestNG.Assert_Equal" name="m1" time="0.027"/>
  <system-out>
    <![CDATA[running m1()]]>
  </system-out>
</testsuite> <!-- TestNG.Assert_Equal -->
